########### array before sorts ###########
0	54.610000	153.670000	36.830000	153.670000	n
1	-68.580000	20.320000	-68.580000	109.220000	n
2	59.690000	20.320000	-68.580000	20.320000	n
3	59.690000	20.320000	59.690000	109.220000	n
4	-68.580000	109.220000	-68.580000	153.670000	n
5	59.690000	109.220000	59.690000	153.670000	n
6	-68.580000	153.670000	36.830000	153.670000	n
7	54.610000	153.670000	59.690000	153.670000	n
Tolerance=0.050000.
*Exact match for i=0 and j=6.
*i point 54.610000	153.670000	36.830000	153.670000	y
	*Before flip 	-68.580000	153.670000	36.830000	153.670000	y
	*After flip 	36.830000	153.670000	-68.580000	153.670000	y
*Exact match for i=1 and j=4.
*i point 36.830000	153.670000	-68.580000	153.670000	y
	*Before flip 	-68.580000	109.220000	-68.580000	153.670000	y
	*After flip 	-68.580000	153.670000	-68.580000	109.220000	y
*Exact match for i=2 and j=6.
*i point -68.580000	153.670000	-68.580000	109.220000	y
	*Before flip 	-68.580000	20.320000	-68.580000	109.220000	y
	*After flip 	-68.580000	109.220000	-68.580000	20.320000	y
*Exact match for i=3 and j=4.
*i point -68.580000	109.220000	-68.580000	20.320000	y
	*Before flip 	59.690000	20.320000	-68.580000	20.320000	y
	*After flip 	-68.580000	20.320000	59.690000	20.320000	y
*Exact match for i=4 and j=6.
*i point -68.580000	20.320000	59.690000	20.320000	y
*Exact match for i=5 and j=6.
*i point 59.690000	20.320000	59.690000	109.220000	y
*Exact match for i=6 and j=7.
*i point 59.690000	109.220000	59.690000	153.670000	y
	*Before flip 	54.610000	153.670000	59.690000	153.670000	y
	*After flip 	59.690000	153.670000	54.610000	153.670000	y
########### array after sorts ###########
0	54.610000	153.670000	36.830000	153.670000	y
1	36.830000	153.670000	-68.580000	153.670000	y
2	-68.580000	153.670000	-68.580000	109.220000	y
3	-68.580000	109.220000	-68.580000	20.320000	y
4	-68.580000	20.320000	59.690000	20.320000	y
5	59.690000	20.320000	59.690000	109.220000	y
6	59.690000	109.220000	59.690000	153.670000	y
7	59.690000	153.670000	54.610000	153.670000	y
***************
.BOARD_OUTLINE UNOWNED
1
0     54.610000     153.670000     0
0     36.830000     153.670000     0
0     -68.580000     153.670000     0
0     -68.580000     109.220000     0
0     -68.580000     20.320000     0
0     59.690000     20.320000     0
0     59.690000     109.220000     0
0     59.690000     153.670000     0
0     54.610000     153.670000     0
